d:\githubprojects\starcraftbuilder\src\framework\framework.dir\debug\framework.pdb
d:\githubprojects\starcraftbuilder\src\framework\framework.dir\debug\vespenebuilding.obj
d:\githubprojects\starcraftbuilder\src\framework\framework.dir\debug\typeid.obj
d:\githubprojects\starcraftbuilder\src\framework\framework.dir\debug\simulator.obj
d:\githubprojects\starcraftbuilder\src\framework\framework.dir\debug\inventory.obj
d:\githubprojects\starcraftbuilder\src\framework\framework.dir\debug\id.obj
d:\githubprojects\starcraftbuilder\src\framework\framework.dir\debug\gameobject.obj
d:\githubprojects\starcraftbuilder\src\framework\framework.dir\debug\buildlist.obj
d:\githubprojects\starcraftbuilder\src\framework\framework.dir\debug\baseunit.obj
d:\githubprojects\starcraftbuilder\src\framework\framework.dir\debug\basebuilding.obj
d:\githubprojects\starcraftbuilder\src\framework\cmakefiles\generate.stamp
d:\githubprojects\starcraftbuilder\src\framework\debug\framework.lib
d:\githubprojects\starcraftbuilder\src\framework\debug\framework.pdb
d:\githubprojects\starcraftbuilder\src\framework\framework.dir\debug\framework.tlog\cl.command.1.tlog
d:\githubprojects\starcraftbuilder\src\framework\framework.dir\debug\framework.tlog\cl.read.1.tlog
d:\githubprojects\starcraftbuilder\src\framework\framework.dir\debug\framework.tlog\cl.write.1.tlog
d:\githubprojects\starcraftbuilder\src\framework\framework.dir\debug\framework.tlog\custombuild.command.1.tlog
d:\githubprojects\starcraftbuilder\src\framework\framework.dir\debug\framework.tlog\custombuild.read.1.tlog
d:\githubprojects\starcraftbuilder\src\framework\framework.dir\debug\framework.tlog\custombuild.write.1.tlog
d:\githubprojects\starcraftbuilder\src\framework\framework.dir\debug\framework.tlog\lib-link.read.1.tlog
d:\githubprojects\starcraftbuilder\src\framework\framework.dir\debug\framework.tlog\lib-link.write.1.tlog
d:\githubprojects\starcraftbuilder\src\framework\framework.dir\debug\framework.tlog\lib.command.1.tlog
