d:\githubprojects\starcraftbuilder\src\framework\framework.dir\release\vespenebuilding.obj
d:\githubprojects\starcraftbuilder\src\framework\framework.dir\release\typeid.obj
d:\githubprojects\starcraftbuilder\src\framework\framework.dir\release\simulator.obj
d:\githubprojects\starcraftbuilder\src\framework\framework.dir\release\inventory.obj
d:\githubprojects\starcraftbuilder\src\framework\framework.dir\release\id.obj
d:\githubprojects\starcraftbuilder\src\framework\framework.dir\release\gameobject.obj
d:\githubprojects\starcraftbuilder\src\framework\framework.dir\release\buildlist.obj
d:\githubprojects\starcraftbuilder\src\framework\framework.dir\release\baseunit.obj
d:\githubprojects\starcraftbuilder\src\framework\framework.dir\release\basebuilding.obj
d:\githubprojects\starcraftbuilder\src\framework\cmakefiles\generate.stamp
d:\githubprojects\starcraftbuilder\src\framework\release\framework.lib
d:\githubprojects\starcraftbuilder\src\framework\framework.dir\release\framework.tlog\cl.command.1.tlog
d:\githubprojects\starcraftbuilder\src\framework\framework.dir\release\framework.tlog\cl.read.1.tlog
d:\githubprojects\starcraftbuilder\src\framework\framework.dir\release\framework.tlog\cl.write.1.tlog
d:\githubprojects\starcraftbuilder\src\framework\framework.dir\release\framework.tlog\custombuild.command.1.tlog
d:\githubprojects\starcraftbuilder\src\framework\framework.dir\release\framework.tlog\custombuild.read.1.tlog
d:\githubprojects\starcraftbuilder\src\framework\framework.dir\release\framework.tlog\custombuild.write.1.tlog
d:\githubprojects\starcraftbuilder\src\framework\framework.dir\release\framework.tlog\lib-link.read.1.tlog
d:\githubprojects\starcraftbuilder\src\framework\framework.dir\release\framework.tlog\lib-link.write.1.tlog
d:\githubprojects\starcraftbuilder\src\framework\framework.dir\release\framework.tlog\lib.command.1.tlog
